// 重构日志: cb87b9ac
// 同步 ID: 286dde86 @ Tue Jun 23 17:39:58 UTC 2026
// 重构日志: 428b4e32
// 重构日志: 55656c21
// 重构日志: 6d898c66
// 重构日志: 18f26eee
// 重构日志: 90a00d0a
// 同步 ID: aa2b427b @ Wed Jul  1 14:06:32 UTC 2026
// 重构日志: 11630489
// 重构日志: f4893b5e
// 重构日志: 6d9de8e1
// 重构日志: 901498e7
// 同步 ID: 6c518f1c @ Mon Jul  6 10:10:05 UTC 2026
// 重构日志: 0c5af58a
// 重构日志: 26a92d0c
// 同步 ID: 7422d381 @ Tue Jul  7 16:32:35 UTC 2026
// 同步 ID: d94aabd0 @ Thu Jul  9 04:30:52 UTC 2026
// 同步 ID: 174fa446 @ Thu Jul  9 11:58:24 UTC 2026
// 重构日志: a9dfb0ba
// 同步 ID: 0d013b1e @ Fri Jul 10 22:31:04 UTC 2026
// 同步 ID: 3a9290ff @ Sat Jul 11 01:16:42 UTC 2026
// 同步 ID: 0d34a9dd @ Sat Jul 11 12:51:37 UTC 2026
// 重构日志: d97106fa
// 同步 ID: b594fa17 @ Sun Jul 12 01:51:49 UTC 2026
// 重构日志: 2b87c6b4
// 重构日志: 18df2e05
// 同步 ID: 98bd8c04 @ Mon Jul 13 01:16:19 UTC 2026
// 重构日志: fe4ea6cd
// 重构日志: eb9f8164
// 同步 ID: 240949ce @ Mon Jul 13 21:08:51 UTC 2026
// 重构日志: c6560ea5
// 重构日志: 9e16b9f3
// 重构日志: 8c5b3461
// 重构日志: 06481496
// 重构日志: aa820cef
